<?xml version="1.0" encoding="UTF-8"?>
<!-- Generated by org.testng.reporters.JUnitXMLReporter -->
<testsuite hostname="HDC0007115" name="Test" tests="3" failures="0" timestamp="2 Aug 2018 07:09:54 GMT" time="124.596" errors="0">
  <testcase name="CreateAccountSF" time="40.75" classname="DriverScript.CreateAccount"/>
  <testcase name="CreateContactsSF" time="41.526" classname="DriverScript.CreateContacts"/>
  <testcase name="EventBookingSF" time="42.265" classname="DriverScript.EventBooking"/>
</testsuite> <!-- Test -->
